c:\users\jovani\desktop\miscellaneous\block game (orignal)\sdl2.0\debug\vc141.pdb
c:\users\jovani\desktop\miscellaneous\block game (orignal)\sdl2.0\debug\vc141.idb
c:\users\jovani\desktop\miscellaneous\block game (orignal)\sdl2.0\debug\background.obj
c:\users\jovani\desktop\miscellaneous\block game (orignal)\sdl2.0\debug\bullet.obj
c:\users\jovani\desktop\miscellaneous\block game (orignal)\sdl2.0\debug\enemy.obj
c:\users\jovani\desktop\miscellaneous\block game (orignal)\sdl2.0\debug\game.obj
c:\users\jovani\desktop\miscellaneous\block game (orignal)\sdl2.0\debug\main.obj
c:\users\jovani\desktop\miscellaneous\block game (orignal)\sdl2.0\debug\entity.obj
c:\users\jovani\desktop\miscellaneous\block game (orignal)\sdl2.0\debug\player.obj
c:\users\jovani\desktop\miscellaneous\block game (orignal)\sdl2.0\debug\text.obj
c:\users\jovani\desktop\miscellaneous\block game (orignal)\sdl2.0\debug\utility.obj
c:\users\jovani\desktop\miscellaneous\block game (orignal)\sdl2.0\debug\window.obj
c:\users\jovani\desktop\miscellaneous\block game (orignal)\sdl2.0\debug\timer.obj
c:\users\jovani\desktop\miscellaneous\block game (orignal) - copy\sdl2.0\debug\vc141.pdb
c:\users\jovani\desktop\miscellaneous\block game (orignal) - copy\sdl2.0\debug\vc141.idb
c:\users\jovani\desktop\miscellaneous\block game (orignal) - copy\sdl2.0\debug\background.obj
c:\users\jovani\desktop\miscellaneous\block game (orignal) - copy\sdl2.0\debug\bullet.obj
c:\users\jovani\desktop\miscellaneous\block game (orignal) - copy\sdl2.0\debug\enemy.obj
c:\users\jovani\desktop\miscellaneous\block game (orignal) - copy\sdl2.0\debug\game.obj
c:\users\jovani\desktop\miscellaneous\block game (orignal) - copy\sdl2.0\debug\main.obj
c:\users\jovani\desktop\miscellaneous\block game (orignal) - copy\sdl2.0\debug\entity.obj
c:\users\jovani\desktop\miscellaneous\block game (orignal) - copy\sdl2.0\debug\player.obj
c:\users\jovani\desktop\miscellaneous\block game (orignal) - copy\sdl2.0\debug\text.obj
c:\users\jovani\desktop\miscellaneous\block game (orignal) - copy\sdl2.0\debug\timer.obj
c:\users\jovani\desktop\miscellaneous\block game (orignal) - copy\sdl2.0\debug\utility.obj
c:\users\jovani\desktop\miscellaneous\block game (orignal) - copy\sdl2.0\debug\window.obj
c:\users\jovani\desktop\miscellaneous\block game (orignal) - copy\sdl2.0\debug\block.obj
d:\miscellaneous - desktop\block game (orignal) - copy\sdl2.0\debug\vc141.pdb
d:\miscellaneous - desktop\block game (orignal) - copy\sdl2.0\debug\vc141.idb
d:\miscellaneous - desktop\block game (orignal) - copy\sdl2.0\debug\window.obj
d:\miscellaneous - desktop\block game (orignal) - copy\sdl2.0\debug\utility.obj
d:\miscellaneous - desktop\block game (orignal) - copy\sdl2.0\debug\timer.obj
d:\miscellaneous - desktop\block game (orignal) - copy\sdl2.0\debug\text.obj
d:\miscellaneous - desktop\block game (orignal) - copy\sdl2.0\debug\player.obj
d:\miscellaneous - desktop\block game (orignal) - copy\sdl2.0\debug\entity.obj
d:\miscellaneous - desktop\block game (orignal) - copy\sdl2.0\debug\main.obj
d:\miscellaneous - desktop\block game (orignal) - copy\sdl2.0\debug\game.obj
d:\miscellaneous - desktop\block game (orignal) - copy\sdl2.0\debug\enemy.obj
d:\miscellaneous - desktop\block game (orignal) - copy\sdl2.0\debug\bullet.obj
d:\miscellaneous - desktop\block game (orignal) - copy\sdl2.0\debug\block.obj
d:\miscellaneous - desktop\block game (orignal) - copy\sdl2.0\debug\background.obj
d:\miscellaneous - desktop\block game (orignal) - copy\sdl2.0\debug\rect.obj
d:\miscellaneous - desktop\block game (orignal) - copy\debug\sdl2.0.pdb
d:\miscellaneous - desktop\block game (orignal) - copy\sdl2.0\debug\sdl2.0.tlog\cl.command.1.tlog
d:\miscellaneous - desktop\block game (orignal) - copy\sdl2.0\debug\sdl2.0.tlog\cl.read.1.tlog
d:\miscellaneous - desktop\block game (orignal) - copy\sdl2.0\debug\sdl2.0.tlog\cl.write.1.tlog
d:\miscellaneous - desktop\block game (orignal) - copy\sdl2.0\debug\sdl2.0.tlog\link.command.1.tlog
d:\miscellaneous - desktop\block game (orignal) - copy\sdl2.0\debug\sdl2.0.tlog\link.read.1.tlog
d:\miscellaneous - desktop\block game (orignal) - copy\sdl2.0\debug\sdl2.0.tlog\link.write.1.tlog
